spawn ssh klapertart@192.168.8.97
klapertart@192.168.8.97's password: 
Welcome to Ubuntu 20.04.6 LTS (GNU/Linux 5.4.0-155-generic x86_64)

 * Documentation:  https://help.ubuntu.com
 * Management:     https://landscape.canonical.com
 * Support:        https://ubuntu.com/advantage

  System information as of Wed 26 Jul 2023 09:05:29 AM UTC

  System load:  0.0                Processes:               118
  Usage of /:   40.6% of 11.21GB   Users logged in:         1
  Memory usage: 12%                IPv4 address for enp0s3: 192.168.8.97
  Swap usage:   0%


 * Introducing Expanded Security Maintenance for Applications.
   Receive updates to over 25,000 software packages with your
   Ubuntu Pro subscription. Free for personal use.

     https://ubuntu.com/pro

Expanded Security Maintenance for Applications is not enabled.

39 updates can be applied immediately.
To see these additional updates run: apt list --upgradable

Enable ESM Apps to receive additional future security updates.
See https://ubuntu.com/esm or run: sudo pro status

New release '22.04.2 LTS' available.
Run 'do-release-upgrade' to upgrade to it.


Last login: Wed Jul 26 07:22:12 2023 from 192.168.8.58
]0;klapertart@klapertartcomp: ~[01;32mklapertart@klapertartcomp[00m:[01;34m~[00m$ pwd
/home/klapertart
]0;klapertart@klapertartcomp: ~[01;32mklapertart@klapertartcomp[00m:[01;34m~[00m$ spawn ssh root@192.168.8.110
root@192.168.8.110's password: 
Last login: Wed Jul 26 13:28:38 2023
]0;root@localhost:~[?1034h[root@localhost ~]# pwd
/root
]0;root@localhost:~[root@localhost ~]# 